<?xml version="1.0" encoding="UTF-8"?>
<!-- Generated by org.testng.reporters.JUnitXMLReporter -->
<testsuite hostname="ABHICHAK-LAP" name="Mod1" tests="6" failures="0" timestamp="8 Jan 2022 13:40:56 GMT" time="12.539" errors="0">
  <testcase name="CL" time="0.001" classname="learntestng.Loan"/>
  <testcase name="HL" time="0.0" classname="learntestng.Loan"/>
  <testcase name="PL" time="0.0" classname="learntestng.Loan"/>
  <testcase name="google" time="12.523" classname="learntestng.Loan"/>
  <testcase name="userReg" time="0.0" classname="learntestng.User"/>
  <testcase name="userReg" time="0.0" classname="learntestng.User"/>
</testsuite> <!-- Mod1 -->
