<?xml version="1.0" encoding="UTF-8"?>
<!-- Generated by org.testng.reporters.JUnitXMLReporter -->
<testsuite hostname="abhichak-lap" name="Mod1" tests="6" failures="1" timestamp="16 Apr 2016 18:44:58 GMT" time="0.03" errors="0">
  <testcase name="MoneyTransfer" time="0.001" classname="Bank.Bank1"/>
  <testcase name="BillPayment" time="0.003" classname="Bank.Bank1">
    <failure type="junit.framework.AssertionFailedError" message="expected:&amp;lt;4&amp;gt; but was:&amp;lt;5&amp;gt;">
      <![CDATA[junit.framework.AssertionFailedError: expected:<4> but was:<5>
	at junit.framework.Assert.fail(Assert.java:47)
	at junit.framework.Assert.failNotEquals(Assert.java:282)
	at junit.framework.Assert.assertEquals(Assert.java:64)
	at junit.framework.Assert.assertEquals(Assert.java:201)
	at junit.framework.Assert.assertEquals(Assert.java:207)
	at Bank.Bank1.BillPayment(Bank1.java:36)
... Removed 23 stack frames]]>
    </failure>
  </testcase> <!-- BillPayment -->
  <testcase name="StdGen" time="0.0" classname="Bank.Bank1"/>
  <testcase name="ApplyCC" time="0.003" classname="Bank.Bank1">
    <skipped/>
  </testcase> <!-- ApplyCC -->
  <testcase name="ITReturn" time="0.0" classname="Bank.Bank4"/>
  <testcase name="PayTax" time="0.004" classname="Bank.Bank4"/>
</testsuite> <!-- Mod1 -->
