<?xml version="1.0" encoding="UTF-8"?>
<!-- Generated by org.testng.reporters.JUnitXMLReporter -->
<testsuite hostname="abhichak-lap" name="Mod2" tests="6" failures="0" timestamp="16 Apr 2016 18:44:59 GMT" time="0.004" errors="0">
  <testcase name="@BeforeMethod xyz" time="0.0" classname="Bank.Bank2">
    <skipped/>
  </testcase> <!-- @BeforeMethod xyz -->
  <testcase name="@BeforeMethod xyz" time="0.0" classname="Bank.Bank2">
    <skipped/>
  </testcase> <!-- @BeforeMethod xyz -->
  <testcase name="ApplyHL" time="0.0" classname="Bank.Bank2">
    <skipped/>
  </testcase> <!-- ApplyHL -->
  <testcase name="ApplyPL" time="0.0" classname="Bank.Bank2">
    <skipped/>
  </testcase> <!-- ApplyPL -->
  <testcase name="login" time="0.0" classname="Bank.Bank3"/>
  <testcase name="login" time="0.0" classname="Bank.Bank3"/>
  <testcase name="product" time="0.0" classname="Bank.Bank3"/>
  <testcase name="product" time="0.0" classname="Bank.Bank3"/>
</testsuite> <!-- Mod2 -->
