<?xml version="1.0" encoding="UTF-8"?>
<!-- Generated by org.testng.reporters.JUnitXMLReporter -->
<testsuite hostname="abhichak-lap" name="Default test" tests="6" failures="0" timestamp="6 Aug 2015 16:22:34 GMT" time="0.032" errors="0">
  <testcase name="add" time="0.016" classname="data_Provider.math"/>
  <testcase name="add" time="0.0" classname="data_Provider.math"/>
  <testcase name="mult" time="0.0" classname="data_Provider.math"/>
  <testcase name="mult" time="0.0" classname="data_Provider.math"/>
  <testcase name="multip" time="0.0" classname="data_Provider.math"/>
  <testcase name="multip" time="0.0" classname="data_Provider.math"/>
</testsuite> <!-- Default test -->
