<?xml version="1.0" encoding="UTF-8"?>
<testng-results skipped="1" failed="1" total="10" passed="8">
  <reporter-output>
    <line>
      <![CDATA[CL]]>
    </line>
    <line>
      <![CDATA[HL]]>
    </line>
    <line>
      <![CDATA[PL]]>
    </line>
  </reporter-output>
  <suite name="HDFC project" duration-ms="12573" started-at="2022-01-08T13:40:44Z" finished-at="2022-01-08T13:40:56Z">
    <groups>
      <group name="p1">
        <method signature="MoneyTransfer.IMPS()[pri:0, instance:learntestng.MoneyTransfer@2acf57e3]" name="IMPS" class="learntestng.MoneyTransfer"/>
        <method signature="MoneyTransfer.NEFT()[pri:0, instance:learntestng.MoneyTransfer@2acf57e3]" name="NEFT" class="learntestng.MoneyTransfer"/>
      </group> <!-- p1 -->
      <group name="p2">
        <method signature="MoneyTransfer.RTGS()[pri:0, instance:learntestng.MoneyTransfer@2acf57e3]" name="RTGS" class="learntestng.MoneyTransfer"/>
        <method signature="MoneyTransfer.Gpay()[pri:0, instance:learntestng.MoneyTransfer@2acf57e3]" name="Gpay" class="learntestng.MoneyTransfer"/>
      </group> <!-- p2 -->
    </groups>
    <test name="Mod1" duration-ms="12539" started-at="2022-01-08T13:40:44Z" finished-at="2022-01-08T13:40:56Z">
      <class name="learntestng.Loan">
        <test-method status="PASS" signature="openbrowser()[pri:0, instance:learntestng.Loan@6bdf28bb]" name="openbrowser" is-config="true" duration-ms="4" started-at="2022-01-08T19:10:44Z" finished-at="2022-01-08T19:10:44Z">
          <reporter-output>
          </reporter-output>
        </test-method> <!-- openbrowser -->
        <test-method status="PASS" signature="CL()[pri:0, instance:learntestng.Loan@6bdf28bb]" name="CL" duration-ms="1" started-at="2022-01-08T19:10:44Z" finished-at="2022-01-08T19:10:44Z">
          <reporter-output>
            <line>
              <![CDATA[CL]]>
            </line>
          </reporter-output>
        </test-method> <!-- CL -->
        <test-method status="PASS" signature="google()[pri:0, instance:learntestng.Loan@6bdf28bb]" name="google" duration-ms="12523" started-at="2022-01-08T19:10:44Z" finished-at="2022-01-08T19:10:56Z">
          <reporter-output>
          </reporter-output>
        </test-method> <!-- google -->
        <test-method status="PASS" signature="PL()[pri:0, instance:learntestng.Loan@6bdf28bb]" name="PL" duration-ms="0" started-at="2022-01-08T19:10:44Z" finished-at="2022-01-08T19:10:44Z">
          <reporter-output>
            <line>
              <![CDATA[PL]]>
            </line>
          </reporter-output>
        </test-method> <!-- PL -->
        <test-method status="PASS" signature="HL()[pri:0, instance:learntestng.Loan@6bdf28bb]" name="HL" duration-ms="0" started-at="2022-01-08T19:10:44Z" finished-at="2022-01-08T19:10:44Z">
          <reporter-output>
            <line>
              <![CDATA[HL]]>
            </line>
          </reporter-output>
        </test-method> <!-- HL -->
        <test-method status="PASS" signature="closeBrowser()[pri:0, instance:learntestng.Loan@6bdf28bb]" name="closeBrowser" is-config="true" duration-ms="0" started-at="2022-01-08T19:10:56Z" finished-at="2022-01-08T19:10:56Z">
          <reporter-output>
          </reporter-output>
        </test-method> <!-- closeBrowser -->
      </class> <!-- learntestng.Loan -->
      <class name="learntestng.User">
        <test-method status="PASS" signature="userReg(java.lang.String, java.lang.String, java.lang.String)[pri:0, instance:learntestng.User@6a5fc7f7]" name="userReg" duration-ms="0" started-at="2022-01-08T19:10:56Z" data-provider="userdata" finished-at="2022-01-08T19:10:56Z">
          <params>
            <param index="0">
              <value>
                <![CDATA[u1]]>
              </value>
            </param>
            <param index="1">
              <value>
                <![CDATA[p1]]>
              </value>
            </param>
            <param index="2">
              <value>
                <![CDATA[e1]]>
              </value>
            </param>
          </params>
          <reporter-output>
          </reporter-output>
        </test-method> <!-- userReg -->
        <test-method status="PASS" signature="userReg(java.lang.String, java.lang.String, java.lang.String)[pri:0, instance:learntestng.User@6a5fc7f7]" name="userReg" duration-ms="0" started-at="2022-01-08T19:10:56Z" data-provider="userdata" finished-at="2022-01-08T19:10:56Z">
          <params>
            <param index="0">
              <value>
                <![CDATA[u2]]>
              </value>
            </param>
            <param index="1">
              <value>
                <![CDATA[p2]]>
              </value>
            </param>
            <param index="2">
              <value>
                <![CDATA[e2]]>
              </value>
            </param>
          </params>
          <reporter-output>
          </reporter-output>
        </test-method> <!-- userReg -->
      </class> <!-- learntestng.User -->
    </test> <!-- Mod1 -->
    <test name="Mod2" duration-ms="4" started-at="2022-01-08T13:40:56Z" finished-at="2022-01-08T13:40:56Z">
      <class name="learntestng.MoneyTransfer">
        <test-method status="PASS" signature="logout()[pri:0, instance:learntestng.MoneyTransfer@2acf57e3]" name="logout" is-config="true" duration-ms="1" started-at="2022-01-08T19:10:56Z" finished-at="2022-01-08T19:10:56Z">
          <reporter-output>
          </reporter-output>
        </test-method> <!-- logout -->
        <test-method status="PASS" signature="NEFT()[pri:0, instance:learntestng.MoneyTransfer@2acf57e3]" name="NEFT" duration-ms="0" started-at="2022-01-08T19:10:56Z" finished-at="2022-01-08T19:10:56Z">
          <reporter-output>
          </reporter-output>
        </test-method> <!-- NEFT -->
        <test-method status="PASS" signature="IMPS()[pri:0, instance:learntestng.MoneyTransfer@2acf57e3]" name="IMPS" duration-ms="0" started-at="2022-01-08T19:10:56Z" finished-at="2022-01-08T19:10:56Z">
          <reporter-output>
          </reporter-output>
        </test-method> <!-- IMPS -->
        <test-method status="PASS" signature="login()[pri:0, instance:learntestng.MoneyTransfer@2acf57e3]" name="login" is-config="true" duration-ms="0" started-at="2022-01-08T19:10:56Z" finished-at="2022-01-08T19:10:56Z">
          <reporter-output>
          </reporter-output>
        </test-method> <!-- login -->
        <test-method status="PASS" signature="logout()[pri:0, instance:learntestng.MoneyTransfer@2acf57e3]" name="logout" is-config="true" duration-ms="0" started-at="2022-01-08T19:10:56Z" finished-at="2022-01-08T19:10:56Z">
          <reporter-output>
          </reporter-output>
        </test-method> <!-- logout -->
        <test-method status="PASS" signature="openbrowser()[pri:0, instance:learntestng.MoneyTransfer@2acf57e3]" name="openbrowser" is-config="true" duration-ms="0" started-at="2022-01-08T19:10:56Z" finished-at="2022-01-08T19:10:56Z">
          <reporter-output>
          </reporter-output>
        </test-method> <!-- openbrowser -->
        <test-method status="PASS" signature="login()[pri:0, instance:learntestng.MoneyTransfer@2acf57e3]" name="login" is-config="true" duration-ms="0" started-at="2022-01-08T19:10:56Z" finished-at="2022-01-08T19:10:56Z">
          <reporter-output>
          </reporter-output>
        </test-method> <!-- login -->
        <test-method status="FAIL" signature="RTGS()[pri:0, instance:learntestng.MoneyTransfer@2acf57e3]" name="RTGS" duration-ms="1" started-at="2022-01-08T19:10:56Z" finished-at="2022-01-08T19:10:56Z">
          <exception class="java.lang.AssertionError">
            <message>
              <![CDATA[expected [1] but found [2]]]>
            </message>
            <full-stacktrace>
              <![CDATA[java.lang.AssertionError: expected [1] but found [2]
	at org.testng.Assert.fail(Assert.java:94)
	at org.testng.Assert.failNotEquals(Assert.java:494)
	at org.testng.Assert.assertEquals(Assert.java:123)
	at org.testng.Assert.assertEquals(Assert.java:370)
	at org.testng.Assert.assertEquals(Assert.java:380)
	at learntestng.MoneyTransfer.RTGS(MoneyTransfer.java:45)
	at sun.reflect.NativeMethodAccessorImpl.invoke0(Native Method)
	at sun.reflect.NativeMethodAccessorImpl.invoke(NativeMethodAccessorImpl.java:62)
	at sun.reflect.DelegatingMethodAccessorImpl.invoke(DelegatingMethodAccessorImpl.java:43)
	at java.lang.reflect.Method.invoke(Method.java:498)
	at org.testng.internal.MethodInvocationHelper.invokeMethod(MethodInvocationHelper.java:84)
	at org.testng.internal.Invoker.invokeMethod(Invoker.java:714)
	at org.testng.internal.Invoker.invokeTestMethod(Invoker.java:901)
	at org.testng.internal.Invoker.invokeTestMethods(Invoker.java:1231)
	at org.testng.internal.TestMethodWorker.invokeTestMethods(TestMethodWorker.java:127)
	at org.testng.internal.TestMethodWorker.run(TestMethodWorker.java:111)
	at org.testng.TestRunner.privateRun(TestRunner.java:767)
	at org.testng.TestRunner.run(TestRunner.java:617)
	at org.testng.SuiteRunner.runTest(SuiteRunner.java:334)
	at org.testng.SuiteRunner.runSequentially(SuiteRunner.java:329)
	at org.testng.SuiteRunner.privateRun(SuiteRunner.java:291)
	at org.testng.SuiteRunner.run(SuiteRunner.java:240)
	at org.testng.SuiteRunnerWorker.runSuite(SuiteRunnerWorker.java:52)
	at org.testng.SuiteRunnerWorker.run(SuiteRunnerWorker.java:86)
	at org.testng.TestNG.runSuitesSequentially(TestNG.java:1224)
	at org.testng.TestNG.runSuitesLocally(TestNG.java:1149)
	at org.testng.TestNG.run(TestNG.java:1057)
	at org.testng.TestNG.privateMain(TestNG.java:1364)
	at org.testng.TestNG.main(TestNG.java:1333)
]]>
            </full-stacktrace>
          </exception> <!-- java.lang.AssertionError -->
          <reporter-output>
          </reporter-output>
        </test-method> <!-- RTGS -->
        <test-method status="PASS" signature="login()[pri:0, instance:learntestng.MoneyTransfer@2acf57e3]" name="login" is-config="true" duration-ms="0" started-at="2022-01-08T19:10:56Z" finished-at="2022-01-08T19:10:56Z">
          <reporter-output>
          </reporter-output>
        </test-method> <!-- login -->
        <test-method status="PASS" signature="logout()[pri:0, instance:learntestng.MoneyTransfer@2acf57e3]" name="logout" is-config="true" duration-ms="0" started-at="2022-01-08T19:10:56Z" finished-at="2022-01-08T19:10:56Z">
          <reporter-output>
          </reporter-output>
        </test-method> <!-- logout -->
        <test-method status="SKIP" signature="Gpay()[pri:0, instance:learntestng.MoneyTransfer@2acf57e3]" name="Gpay" duration-ms="0" started-at="2022-01-08T19:10:56Z" depends-on-methods="learntestng.MoneyTransfer.RTGS" finished-at="2022-01-08T19:10:56Z">
          <reporter-output>
          </reporter-output>
        </test-method> <!-- Gpay -->
        <test-method status="PASS" signature="closeBrowser()[pri:0, instance:learntestng.MoneyTransfer@2acf57e3]" name="closeBrowser" is-config="true" duration-ms="0" started-at="2022-01-08T19:10:56Z" finished-at="2022-01-08T19:10:56Z">
          <reporter-output>
          </reporter-output>
        </test-method> <!-- closeBrowser -->
      </class> <!-- learntestng.MoneyTransfer -->
    </test> <!-- Mod2 -->
  </suite> <!-- HDFC project -->
</testng-results>
